STEP to UG
! INFO-     NX STEP AP203 - V9.0
! INFO-      
! INFO-     Start of Translation: 30-OCT-2015  7:38:45 AM
! INFO-      
! STATUS-   Converting Part: Z:\0_Temp_wird_regelmaessig_geloescht\12Riemen.stp
! SUMMARY-   
! SUMMARY-    STEP Header Information
! SUMMARY-   
! SUMMARY-  Description      STEP AP203
! SUMMARY-  Imp_Level        1
! SUMMARY-  File_Name        D:/Users/hertelt/Documents/Hochladen/1/16221200.stp
! SUMMARY-  Date               
! SUMMARY-  Author             
! SUMMARY-  Organization       
! SUMMARY-  Pre_Version      PSStep 15.0.47
! SUMMARY-  Orig_System      PARTsolutions
! SUMMARY-  Authorization      
! SUMMARY-  Schema_ID        ap203_configuration_controlled_3d_design_of_mechanical_parts_and_assemblies_mim_lf
! SUMMARY-   
! SUMMARY-    Summary of STEP Entities
! SUMMARY-   
! SUMMARY-  Entity Type                                                   Count
! SUMMARY-  -----------                                                   ------
! SUMMARY-  advanced_brep_shape_representation .........................:      1
! SUMMARY-  advanced_face ..............................................:    132
! SUMMARY-  application_context ........................................:      1
! SUMMARY-  application_protocol_definition ............................:      1
! SUMMARY-  approval ...................................................:      1
! SUMMARY-  approval_date_time .........................................:      1
! SUMMARY-  approval_person_organization ...............................:      1
! SUMMARY-  approval_role ..............................................:      1
! SUMMARY-  approval_status ............................................:      1
! SUMMARY-  axis2_placement_3d .........................................:    311
! SUMMARY-  calendar_date ..............................................:      1
! SUMMARY-  cartesian_point ............................................:    657
! SUMMARY-  cc_design_approval .........................................:      1
! SUMMARY-  cc_design_date_and_time_assignment .........................:      2
! SUMMARY-  cc_design_person_and_organization_assignment ...............:      5
! SUMMARY-  cc_design_security_classification ..........................:      1
! SUMMARY-  circle .....................................................:    178
! SUMMARY-  closed_shell ...............................................:      1
! SUMMARY-  conical_surface ............................................:      4
! SUMMARY-  conversion_based_unit_and_length_unit ......................:      1
! SUMMARY-  coordinated_universal_time_offset ..........................:      1
! SUMMARY-  cylindrical_surface ........................................:     76
! SUMMARY-  date_and_time ..............................................:      1
! SUMMARY-  date_time_role .............................................:      2
! SUMMARY-  design_context .............................................:      1
! SUMMARY-  dimensional_exponents ......................................:      2
! SUMMARY-  direction ..................................................:    766
! SUMMARY-  edge_curve .................................................:    322
! SUMMARY-  edge_loop ..................................................:    142
! SUMMARY-  face_bound .................................................:      6
! SUMMARY-  face_outer_bound ...........................................:    136
! SUMMARY-  geometric_representation_context_and_global_uncertainty_a ..:      1
! SUMMARY-  length_measure_with_unit ...................................:      1
! SUMMARY-  length_unit_and_si_unit ....................................:      1
! SUMMARY-  line .......................................................:    144
! SUMMARY-  local_time .................................................:      1
! SUMMARY-  manifold_solid_brep ........................................:      1
! SUMMARY-  mechanical_context .........................................:      1
! SUMMARY-  organization ...............................................:      1
! SUMMARY-  oriented_edge ..............................................:    644
! SUMMARY-  person .....................................................:      1
! SUMMARY-  person_and_organization ....................................:      1
! SUMMARY-  person_and_organization_role ...............................:      4
! SUMMARY-  plane ......................................................:     52
! SUMMARY-  plane_angle_unit_and_si_unit ...............................:      1
! SUMMARY-  product ....................................................:      1
! SUMMARY-  product_category ...........................................:      1
! SUMMARY-  product_category_relationship ..............................:      1
! SUMMARY-  product_definition .........................................:      1
! SUMMARY-  product_definition_formation_with_specified_source .........:      1
! SUMMARY-  product_definition_shape ...................................:      1
! SUMMARY-  product_related_product_category ...........................:      1
! SUMMARY-  security_classification ....................................:      1
! SUMMARY-  security_classification_level ..............................:      1
! SUMMARY-  shape_definition_representation ............................:      1
! SUMMARY-  si_unit_and_solid_angle_unit ...............................:      1
! SUMMARY-  uncertainty_measure_with_unit ..............................:      1
! SUMMARY-  vector .....................................................:    144
! SUMMARY-  vertex_point ...............................................:    202
! SUMMARY-                                                               -------
! SUMMARY-  Total                                                           3969
! STATUS-    
! STATUS-   Converting to Output Form (Phase 2 of 3): 30-OCT-2015 7:38:45 AM
! STATUS-    
! STATUS-    
! STATUS-   Generating UG geometry and placing them in parts
! STATUS-    
! STATUS-   Creating the UG part (Phase 3 of 3): 30-OCT-2015  7:38:45 AM
! STATUS-    
! STATUS-   Creating UG solid body from Input Ent Id 55
! STATUS-    
! STATUS-   simplifying Bsplines to analytics
! STATUS-    
! STATUS-   converting tolerant edges into exact edges
! STATUS-    
! STATUS-   doing final check of body to report any faults
! STATUS-    
! INFO-     Filing Part ..: Z:\Sven T. S\NX2\rover\radsatzt\12Riemen.prt
! SUMMARY-   
! SUMMARY-  Summary of Unigraphics Part Entities
! SUMMARY-   
! SUMMARY-  Entities Processed             Count
! SUMMARY-  ------------------             -----
! SUMMARY-  Solid .......................:     1
! SUMMARY-                                 -----
! SUMMARY-  Total                              1
! INFO-      
! INFO-     Total number of solids input for this translation       :         1
! INFO-      
! INFO-     Number of solids created without body validation faults :         1
! INFO-      
! INFO-     Number of solids created with body validation fault(s)  :         0
! INFO-      
! INFO-     Number of solids ending up as sheet bodies              :         0
! INFO-      
! INFO-     End of Translation: 30-OCT-2015  7:38:47 AM
! INFO-      
