Informational Output for PART: Z:\Sven T. S\NX2\rover\zu_fraesen\IN_FR_01_setup.prt
Created By:    Fablab
Creation Date: Wed Oct 21 08:16:43 2015
===============================================

+++MOM WARNING+++
Info: EREIGNIS-BEHANDLUNGSROUTINE FEHLT: Ereignisname: WIZD_mill_contour__cavity_mill

Informational Output for PART: Z:\Sven T. S\NX2\rover\zu_fraesen\IN_FR_01_setup.prt
Created By:    Fablab
Creation Date: Wed Oct 21 14:21:23 2015
===============================================

+++MOM WARNING+++
Info: EREIGNIS-BEHANDLUNGSROUTINE FEHLT: Ereignisname: WIZD_mill_contour__cavity_mill

Informational Output for PART: Z:\Sven T. S\NX2\rover\zu_fraesen\IN_FR_02_setup.prt
Created By:    Fablab
Creation Date: Thu Oct 22 08:43:30 2015
===============================================

+++MOM WARNING+++
Info: EREIGNIS-BEHANDLUNGSROUTINE FEHLT: Ereignisname: WIZD_mill_contour__cavity_mill


+++MOM WARNING+++
Info: EREIGNIS-BEHANDLUNGSROUTINE FEHLT: Ereignisname: WIZD_mill_contour__cavity_mill


+++MOM WARNING+++
Info: EREIGNIS-BEHANDLUNGSROUTINE FEHLT: Ereignisname: WIZD_mill_contour__cavity_mill


+++MOM WARNING+++
Info: EREIGNIS-BEHANDLUNGSROUTINE FEHLT: Ereignisname: WIZD_mill_contour__cavity_mill


+++MOM WARNING+++
Info: EREIGNIS-BEHANDLUNGSROUTINE FEHLT: Ereignisname: WIZD_mill_contour__cavity_mill

Informational Output for PART: Z:\Sven T. S\NX2\rover\zu_fraesen\IN_FR_H_setup.prt
Created By:    Fablab
Creation Date: Thu Oct 22 13:20:10 2015
===============================================

+++MOM WARNING+++
Info: EREIGNIS-BEHANDLUNGSROUTINE FEHLT: Ereignisname: WIZD_mill_contour__cavity_mill


+++MOM WARNING+++
Info: EREIGNIS-BEHANDLUNGSROUTINE FEHLT: Ereignisname: WIZD_mill_contour__cavity_mill


+++MOM WARNING+++
Info: EREIGNIS-BEHANDLUNGSROUTINE FEHLT: Ereignisname: WIZD_mill_contour__cavity_mill

Informational Output for PART: Z:\Sven T. S\NX2\rover\zu_fraesen\IN_FR_10A_setup.prt
Created By:    Fablab
Creation Date: Mon Oct 26 17:18:13 2015
===============================================

+++MOM WARNING+++
Info: EREIGNIS-BEHANDLUNGSROUTINE FEHLT: Ereignisname: WIZD_mill_contour__cavity_mill


+++MOM WARNING+++
Info: EREIGNIS-BEHANDLUNGSROUTINE FEHLT: Ereignisname: WIZD_mill_contour__cavity_mill


+++MOM WARNING+++
Info: EREIGNIS-BEHANDLUNGSROUTINE FEHLT: Ereignisname: WIZD_drill__breakchip_drilling


+++MOM WARNING+++
Info: EREIGNIS-BEHANDLUNGSROUTINE FEHLT: Ereignisname: WIZD_mill_contour__cavity_mill

