STEP to UG
! INFO-     NX STEP AP203 - V9.0
! INFO-      
! INFO-     Start of Translation: 5-JUN-2015  10:58:34 AM
! INFO-      
! STATUS-   Converting Part: Z:\Sven T. S\NX2\rover\Gear\22445000\22445000.stp
! SUMMARY-   
! SUMMARY-    STEP Header Information
! SUMMARY-   
! SUMMARY-  Description      Unknown
! SUMMARY-  Imp_Level        1
! SUMMARY-  File_Name        c:/PPEXPORT/antriebselemente_und_normteile/innenkraenze/artikel_nr___22445000.stp
! SUMMARY-  Date             2007-11-06T14:22:42
! SUMMARY-  Author           Unknown
! SUMMARY-  Organization     Unknown
! SUMMARY-  Pre_Version       
! SUMMARY-  Orig_System       
! SUMMARY-  Authorization     
! SUMMARY-  Schema_ID        automotive_design
! SUMMARY-   
! SUMMARY-    Summary of STEP Entities
! SUMMARY-   
! SUMMARY-  Entity Type                                                   Count
! SUMMARY-  -----------                                                   ------
! SUMMARY-  advanced_brep_shape_representation .........................:      1
! SUMMARY-  advanced_face ..............................................:    204
! SUMMARY-  application_context ........................................:      1
! SUMMARY-  application_protocol_definition ............................:      1
! SUMMARY-  axis2_placement_3d .........................................:    409
! SUMMARY-  cartesian_point ............................................:   1215
! SUMMARY-  circle .....................................................:    204
! SUMMARY-  closed_shell ...............................................:      1
! SUMMARY-  conversion_based_unit_and_length_unit ......................:      1
! SUMMARY-  cylindrical_surface ........................................:    102
! SUMMARY-  dimensional_exponents ......................................:      2
! SUMMARY-  direction ..................................................:   1220
! SUMMARY-  edge_curve .................................................:    606
! SUMMARY-  edge_loop ..................................................:    206
! SUMMARY-  face_bound .................................................:      2
! SUMMARY-  face_outer_bound ...........................................:    204
! SUMMARY-  geometric_representation_context_and_global_uncertainty_a ..:      1
! SUMMARY-  length_measure_with_unit ...................................:      1
! SUMMARY-  length_unit_and_si_unit ....................................:      1
! SUMMARY-  line .......................................................:    402
! SUMMARY-  manifold_solid_brep ........................................:      1
! SUMMARY-  oriented_edge ..............................................:   1212
! SUMMARY-  plane ......................................................:    102
! SUMMARY-  plane_angle_unit_and_si_unit ...............................:      1
! SUMMARY-  product ....................................................:      1
! SUMMARY-  product_category ...........................................:      1
! SUMMARY-  product_category_relationship ..............................:      1
! SUMMARY-  product_context ............................................:      1
! SUMMARY-  product_definition .........................................:      1
! SUMMARY-  product_definition_context .................................:      1
! SUMMARY-  product_definition_formation_with_specified_source .........:      1
! SUMMARY-  product_definition_shape ...................................:      1
! SUMMARY-  product_related_product_category ...........................:      1
! SUMMARY-  shape_definition_representation ............................:      1
! SUMMARY-  si_unit_and_solid_angle_unit ...............................:      1
! SUMMARY-  uncertainty_measure_with_unit ..............................:      1
! SUMMARY-  vector .....................................................:    402
! SUMMARY-  vertex_point ...............................................:    404
! SUMMARY-                                                               -------
! SUMMARY-  Total                                                           6918
! STATUS-    
! STATUS-   Converting to Output Form (Phase 2 of 3): 5-JUN-2015 10:58:34 AM
! STATUS-    
! STATUS-    
! STATUS-   Generating UG geometry and placing them in parts
! STATUS-    
! STATUS-   Creating the UG part (Phase 3 of 3): 5-JUN-2015  10:58:34 AM
! STATUS-    
! STATUS-   Creating UG solid body from Input Ent Id 1913
! STATUS-    
! STATUS-   simplifying Bsplines to analytics
! STATUS-    
! STATUS-   converting tolerant edges into exact edges
! STATUS-    
! STATUS-   doing final check of body to report any faults
! STATUS-    
! INFO-     Filing Part ..: Z:\Sven T. S\NX2\rover\Gear\22445000\22445000_stp.prt
! SUMMARY-   
! SUMMARY-  Summary of Unigraphics Part Entities
! SUMMARY-   
! SUMMARY-  Entities Processed             Count
! SUMMARY-  ------------------             -----
! SUMMARY-  Solid .......................:     1
! SUMMARY-                                 -----
! SUMMARY-  Total                              1
! INFO-      
! INFO-     Total number of solids input for this translation       :         1
! INFO-      
! INFO-     Number of solids created without body validation faults :         1
! INFO-      
! INFO-     Number of solids created with body validation fault(s)  :         0
! INFO-      
! INFO-     Number of solids ending up as sheet bodies              :         0
! INFO-      
! INFO-     End of Translation: 5-JUN-2015  10:58:36 AM
! INFO-      
